<?xml version="1.0" encoding="UTF-8"?>
<testng-results ignored="0" total="0" passed="0" failed="0" skipped="0">
  <reporter-output>
  </reporter-output>
  <suite started-at="2022-09-12T15:09:58 IST" name="Test.TestLogin" finished-at="2022-09-12T15:09:58 IST" duration-ms="12">
    <groups>
    </groups>
    <test started-at="2022-09-12T15:09:58 IST" name="Command line test" finished-at="2022-09-12T15:09:58 IST" duration-ms="12">
    </test> <!-- Command line test -->
  </suite> <!-- Test.TestLogin -->
</testng-results>
